2025-12-19 10:30:44.713 [main] INFO  UserTest - **********creating user*************
2025-12-19 10:30:45.960 [main] INFO  UserTest - **********getting user*************
2025-12-19 10:30:48.259 [main] INFO  UserTest - **********user updated*************
2025-12-19 10:30:49.446 [main] INFO  UserTest - **********deleted user *************
2025-12-19 10:31:36.740 [main] DEBUG PackageRelationshipCollection - Parsing relationship: /xl/_rels/workbook.xml.rels
2025-12-19 10:31:36.751 [main] DEBUG PackageRelationshipCollection - Parsing relationship: /xl/worksheets/_rels/sheet1.xml.rels
2025-12-19 10:31:36.755 [main] DEBUG PackageRelationshipCollection - Parsing relationship: /_rels/.rels
2025-12-19 10:31:37.243 [main] DEBUG PackageRelationshipCollection - Parsing relationship: /xl/_rels/workbook.xml.rels
2025-12-19 10:31:37.248 [main] DEBUG PackageRelationshipCollection - Parsing relationship: /xl/worksheets/_rels/sheet1.xml.rels
2025-12-19 10:31:37.250 [main] DEBUG PackageRelationshipCollection - Parsing relationship: /_rels/.rels
2025-12-19 10:31:37.284 [main] DEBUG PackageRelationshipCollection - Parsing relationship: /xl/_rels/workbook.xml.rels
2025-12-19 10:31:37.286 [main] DEBUG PackageRelationshipCollection - Parsing relationship: /xl/worksheets/_rels/sheet1.xml.rels
2025-12-19 10:31:37.288 [main] DEBUG PackageRelationshipCollection - Parsing relationship: /_rels/.rels
2025-12-19 10:31:37.343 [main] DEBUG PackageRelationshipCollection - Parsing relationship: /xl/_rels/workbook.xml.rels
2025-12-19 10:31:37.344 [main] DEBUG PackageRelationshipCollection - Parsing relationship: /xl/worksheets/_rels/sheet1.xml.rels
2025-12-19 10:31:37.344 [main] DEBUG PackageRelationshipCollection - Parsing relationship: /_rels/.rels
2025-12-19 10:31:37.376 [main] DEBUG PackageRelationshipCollection - Parsing relationship: /xl/_rels/workbook.xml.rels
2025-12-19 10:31:37.381 [main] DEBUG PackageRelationshipCollection - Parsing relationship: /xl/worksheets/_rels/sheet1.xml.rels
2025-12-19 10:31:37.383 [main] DEBUG PackageRelationshipCollection - Parsing relationship: /_rels/.rels
2025-12-19 10:31:37.410 [main] DEBUG PackageRelationshipCollection - Parsing relationship: /xl/_rels/workbook.xml.rels
2025-12-19 10:31:37.420 [main] DEBUG PackageRelationshipCollection - Parsing relationship: /xl/worksheets/_rels/sheet1.xml.rels
2025-12-19 10:31:37.421 [main] DEBUG PackageRelationshipCollection - Parsing relationship: /_rels/.rels
2025-12-19 10:31:37.448 [main] DEBUG PackageRelationshipCollection - Parsing relationship: /xl/_rels/workbook.xml.rels
2025-12-19 10:31:37.450 [main] DEBUG PackageRelationshipCollection - Parsing relationship: /xl/worksheets/_rels/sheet1.xml.rels
2025-12-19 10:31:37.451 [main] DEBUG PackageRelationshipCollection - Parsing relationship: /_rels/.rels
2025-12-19 10:31:37.477 [main] DEBUG PackageRelationshipCollection - Parsing relationship: /xl/_rels/workbook.xml.rels
2025-12-19 10:31:37.478 [main] DEBUG PackageRelationshipCollection - Parsing relationship: /xl/worksheets/_rels/sheet1.xml.rels
2025-12-19 10:31:37.480 [main] DEBUG PackageRelationshipCollection - Parsing relationship: /_rels/.rels
2025-12-19 10:31:37.502 [main] DEBUG PackageRelationshipCollection - Parsing relationship: /xl/_rels/workbook.xml.rels
2025-12-19 10:31:37.504 [main] DEBUG PackageRelationshipCollection - Parsing relationship: /xl/worksheets/_rels/sheet1.xml.rels
2025-12-19 10:31:37.506 [main] DEBUG PackageRelationshipCollection - Parsing relationship: /_rels/.rels
2025-12-19 10:31:37.527 [main] DEBUG PackageRelationshipCollection - Parsing relationship: /xl/_rels/workbook.xml.rels
2025-12-19 10:31:37.533 [main] DEBUG PackageRelationshipCollection - Parsing relationship: /xl/worksheets/_rels/sheet1.xml.rels
2025-12-19 10:31:37.534 [main] DEBUG PackageRelationshipCollection - Parsing relationship: /_rels/.rels
2025-12-19 10:31:37.573 [main] DEBUG PackageRelationshipCollection - Parsing relationship: /xl/_rels/workbook.xml.rels
2025-12-19 10:31:37.574 [main] DEBUG PackageRelationshipCollection - Parsing relationship: /xl/worksheets/_rels/sheet1.xml.rels
2025-12-19 10:31:37.577 [main] DEBUG PackageRelationshipCollection - Parsing relationship: /_rels/.rels
2025-12-19 10:31:37.609 [main] DEBUG PackageRelationshipCollection - Parsing relationship: /xl/_rels/workbook.xml.rels
2025-12-19 10:31:37.610 [main] DEBUG PackageRelationshipCollection - Parsing relationship: /xl/worksheets/_rels/sheet1.xml.rels
2025-12-19 10:31:37.611 [main] DEBUG PackageRelationshipCollection - Parsing relationship: /_rels/.rels
2025-12-19 10:31:37.674 [main] DEBUG PackageRelationshipCollection - Parsing relationship: /xl/_rels/workbook.xml.rels
2025-12-19 10:31:37.675 [main] DEBUG PackageRelationshipCollection - Parsing relationship: /xl/worksheets/_rels/sheet1.xml.rels
2025-12-19 10:31:37.675 [main] DEBUG PackageRelationshipCollection - Parsing relationship: /_rels/.rels
2025-12-19 10:31:37.717 [main] DEBUG PackageRelationshipCollection - Parsing relationship: /xl/_rels/workbook.xml.rels
2025-12-19 10:31:37.720 [main] DEBUG PackageRelationshipCollection - Parsing relationship: /xl/worksheets/_rels/sheet1.xml.rels
2025-12-19 10:31:37.721 [main] DEBUG PackageRelationshipCollection - Parsing relationship: /_rels/.rels
2025-12-19 10:31:37.754 [main] DEBUG PackageRelationshipCollection - Parsing relationship: /xl/_rels/workbook.xml.rels
2025-12-19 10:31:37.756 [main] DEBUG PackageRelationshipCollection - Parsing relationship: /xl/worksheets/_rels/sheet1.xml.rels
2025-12-19 10:31:37.757 [main] DEBUG PackageRelationshipCollection - Parsing relationship: /_rels/.rels
2025-12-19 10:31:37.784 [main] DEBUG PackageRelationshipCollection - Parsing relationship: /xl/_rels/workbook.xml.rels
2025-12-19 10:31:37.786 [main] DEBUG PackageRelationshipCollection - Parsing relationship: /xl/worksheets/_rels/sheet1.xml.rels
2025-12-19 10:31:37.787 [main] DEBUG PackageRelationshipCollection - Parsing relationship: /_rels/.rels
2025-12-19 10:31:37.809 [main] DEBUG PackageRelationshipCollection - Parsing relationship: /xl/_rels/workbook.xml.rels
2025-12-19 10:31:37.810 [main] DEBUG PackageRelationshipCollection - Parsing relationship: /xl/worksheets/_rels/sheet1.xml.rels
2025-12-19 10:31:37.811 [main] DEBUG PackageRelationshipCollection - Parsing relationship: /_rels/.rels
2025-12-19 10:31:37.839 [main] DEBUG PackageRelationshipCollection - Parsing relationship: /xl/_rels/workbook.xml.rels
2025-12-19 10:31:37.840 [main] DEBUG PackageRelationshipCollection - Parsing relationship: /xl/worksheets/_rels/sheet1.xml.rels
2025-12-19 10:31:37.840 [main] DEBUG PackageRelationshipCollection - Parsing relationship: /_rels/.rels
2025-12-19 10:31:37.859 [main] DEBUG PackageRelationshipCollection - Parsing relationship: /xl/_rels/workbook.xml.rels
2025-12-19 10:31:37.861 [main] DEBUG PackageRelationshipCollection - Parsing relationship: /xl/worksheets/_rels/sheet1.xml.rels
2025-12-19 10:31:37.862 [main] DEBUG PackageRelationshipCollection - Parsing relationship: /_rels/.rels
2025-12-19 10:31:37.886 [main] DEBUG PackageRelationshipCollection - Parsing relationship: /xl/_rels/workbook.xml.rels
2025-12-19 10:31:37.888 [main] DEBUG PackageRelationshipCollection - Parsing relationship: /xl/worksheets/_rels/sheet1.xml.rels
2025-12-19 10:31:37.889 [main] DEBUG PackageRelationshipCollection - Parsing relationship: /_rels/.rels
2025-12-19 10:31:37.912 [main] DEBUG PackageRelationshipCollection - Parsing relationship: /xl/_rels/workbook.xml.rels
2025-12-19 10:31:37.915 [main] DEBUG PackageRelationshipCollection - Parsing relationship: /xl/worksheets/_rels/sheet1.xml.rels
2025-12-19 10:31:37.916 [main] DEBUG PackageRelationshipCollection - Parsing relationship: /_rels/.rels
2025-12-19 10:31:37.935 [main] DEBUG PackageRelationshipCollection - Parsing relationship: /xl/_rels/workbook.xml.rels
2025-12-19 10:31:37.936 [main] DEBUG PackageRelationshipCollection - Parsing relationship: /xl/worksheets/_rels/sheet1.xml.rels
2025-12-19 10:31:37.937 [main] DEBUG PackageRelationshipCollection - Parsing relationship: /_rels/.rels
2025-12-19 10:31:37.956 [main] DEBUG PackageRelationshipCollection - Parsing relationship: /xl/_rels/workbook.xml.rels
2025-12-19 10:31:37.958 [main] DEBUG PackageRelationshipCollection - Parsing relationship: /xl/worksheets/_rels/sheet1.xml.rels
2025-12-19 10:31:37.958 [main] DEBUG PackageRelationshipCollection - Parsing relationship: /_rels/.rels
2025-12-19 10:31:43.434 [main] INFO  UserTest - **********creating user*************
2025-12-19 10:31:44.656 [main] INFO  UserTest - **********getting user*************
2025-12-19 10:31:46.989 [main] INFO  UserTest - **********user updated*************
2025-12-19 10:31:48.173 [main] INFO  UserTest - **********deleted user *************
2025-12-19 11:13:56.961 [main] INFO  UserTest2 - **********creating user*************
2025-12-19 11:13:59.637 [main] INFO  UserTest2 - **********getting user*************
2025-12-19 11:14:01.960 [main] INFO  UserTest2 - **********user updated*************
2025-12-19 11:14:03.158 [main] INFO  UserTest2 - **********deleted user *************
2025-12-19 11:19:22.406 [main] INFO  UserTest2 - **********creating user*************
2025-12-19 11:19:25.419 [main] INFO  UserTest2 - **********getting user*************
2025-12-19 11:19:27.769 [main] INFO  UserTest2 - **********user updated*************
2025-12-19 11:19:49.993 [main] INFO  UserTest2 - **********deleted user *************
2025-12-19 11:42:53.194 [main] INFO  UserTest2 - **********creating user*************
2025-12-19 11:42:57.430 [main] INFO  UserTest2 - **********getting user*************
2025-12-19 11:43:00.071 [main] INFO  UserTest2 - **********user updated*************
2025-12-19 11:43:01.603 [main] INFO  UserTest2 - **********deleted user *************
